C:\USERS\MICHAEL\DOCUMENTS\VISUAL STUDIO 2010\PROJECTS\CS 355\ASSIGNMENT 13\GRAPHPROJECTFINAL 2.6.2\GRAPHPROJECTFINAL 2.6\DEBUG\GRAPHPROJECT.EXE
C:\USERS\MICHAEL\DOCUMENTS\VISUAL STUDIO 2010\PROJECTS\CS 355\ASSIGNMENT 13\GRAPHPROJECTFINAL 2.6.2\GRAPHPROJECTFINAL 2.6\DEBUG\GRAPHPROJECT.ILK
C:\USERS\MICHAEL\DOCUMENTS\VISUAL STUDIO 2010\PROJECTS\CS 355\ASSIGNMENT 13\GRAPHPROJECTFINAL 2.6.2\GRAPHPROJECTFINAL 2.6\DEBUG\GRAPHPROJECT.PDB
C:\Users\Michael\Documents\Visual Studio 2010\Projects\CS 355\Assignment 13\graphprojectfinal 2.6.2\graphprojectfinal 2.6\graphproject\Debug\cl.command.1.tlog
C:\Users\Michael\Documents\Visual Studio 2010\Projects\CS 355\Assignment 13\graphprojectfinal 2.6.2\graphprojectfinal 2.6\graphproject\Debug\CL.read.1.tlog
C:\Users\Michael\Documents\Visual Studio 2010\Projects\CS 355\Assignment 13\graphprojectfinal 2.6.2\graphprojectfinal 2.6\graphproject\Debug\CL.write.1.tlog
C:\USERS\MICHAEL\DOCUMENTS\VISUAL STUDIO 2010\PROJECTS\CS 355\ASSIGNMENT 13\GRAPHPROJECTFINAL 2.6.2\GRAPHPROJECTFINAL 2.6\GRAPHPROJECT\DEBUG\DRIVER.OBJ
C:\USERS\MICHAEL\DOCUMENTS\VISUAL STUDIO 2010\PROJECTS\CS 355\ASSIGNMENT 13\GRAPHPROJECTFINAL 2.6.2\GRAPHPROJECTFINAL 2.6\GRAPHPROJECT\DEBUG\GRAPH.OBJ
C:\USERS\MICHAEL\DOCUMENTS\VISUAL STUDIO 2010\PROJECTS\CS 355\ASSIGNMENT 13\GRAPHPROJECTFINAL 2.6.2\GRAPHPROJECTFINAL 2.6\GRAPHPROJECT\DEBUG\GRAPHPROJECT.EXE.INTERMEDIATE.MANIFEST
C:\Users\Michael\Documents\Visual Studio 2010\Projects\CS 355\Assignment 13\graphprojectfinal 2.6.2\graphprojectfinal 2.6\graphproject\Debug\graphproject.vcxprojResolveAssemblyReference.cache
C:\Users\Michael\Documents\Visual Studio 2010\Projects\CS 355\Assignment 13\graphprojectfinal 2.6.2\graphprojectfinal 2.6\graphproject\Debug\graphproject.write.1.tlog
C:\Users\Michael\Documents\Visual Studio 2010\Projects\CS 355\Assignment 13\graphprojectfinal 2.6.2\graphprojectfinal 2.6\graphproject\Debug\link.command.1.tlog
C:\Users\Michael\Documents\Visual Studio 2010\Projects\CS 355\Assignment 13\graphprojectfinal 2.6.2\graphprojectfinal 2.6\graphproject\Debug\link.read.1.tlog
C:\Users\Michael\Documents\Visual Studio 2010\Projects\CS 355\Assignment 13\graphprojectfinal 2.6.2\graphprojectfinal 2.6\graphproject\Debug\link.write.1.tlog
C:\USERS\MICHAEL\DOCUMENTS\VISUAL STUDIO 2010\PROJECTS\CS 355\ASSIGNMENT 13\GRAPHPROJECTFINAL 2.6.2\GRAPHPROJECTFINAL 2.6\GRAPHPROJECT\DEBUG\MINBINARYHEAP.OBJ
C:\Users\Michael\Documents\Visual Studio 2010\Projects\CS 355\Assignment 13\graphprojectfinal 2.6.2\graphprojectfinal 2.6\graphproject\Debug\mt.command.1.tlog
C:\Users\Michael\Documents\Visual Studio 2010\Projects\CS 355\Assignment 13\graphprojectfinal 2.6.2\graphprojectfinal 2.6\graphproject\Debug\mt.read.1.tlog
C:\Users\Michael\Documents\Visual Studio 2010\Projects\CS 355\Assignment 13\graphprojectfinal 2.6.2\graphprojectfinal 2.6\graphproject\Debug\mt.write.1.tlog
C:\USERS\MICHAEL\DOCUMENTS\VISUAL STUDIO 2010\PROJECTS\CS 355\ASSIGNMENT 13\GRAPHPROJECTFINAL 2.6.2\GRAPHPROJECTFINAL 2.6\GRAPHPROJECT\DEBUG\NODE.OBJ
C:\Users\Michael\Documents\Visual Studio 2010\Projects\CS 355\Assignment 13\graphprojectfinal 2.6.2\graphprojectfinal 2.6\graphproject\Debug\vc100.idb
C:\USERS\MICHAEL\DOCUMENTS\VISUAL STUDIO 2010\PROJECTS\CS 355\ASSIGNMENT 13\GRAPHPROJECTFINAL 2.6.2\GRAPHPROJECTFINAL 2.6\GRAPHPROJECT\DEBUG\VC100.PDB
