
ASSIST/I Version 2.03, Copyright 1984, BDM Software.                             


                                                                                                                            PAGE 1
  LOC  OBJECT CODE    ADDR1 ADDR2   STMT    SOURCE STATEMENT

                                      1 *
                                      2 * THIS PROGRAM WILL ILLUSTRATE THE FOLLOWING EXCEPTION:
                                      3 *        FIXED-POINT DIVIDE EXCEPTION
                                      4 * CHAD FARLEY
                                      5 * MICHAEL BEAVER
                                      6 *
000000                                7 FPDEXEC  START
000000 90EC D00C            0000C     8          STM   14,12,12(13)
000004 05C0                           9          BALR  12,0
000006                               10          USING HERE,12
000006 50D0 C01E            00024    11 HERE     ST    13,SAVEAREA+4
00000A 41D0 C01A            00020    12          LA    13,SAVEAREA
                                     13 *
00000E 5830 C0BA            000C0    14          L     3,=F'3'
000012 5D20 C0BE            000C4    15          D     2,=F'45'
                                     16 *
000016 58D0 C01E            00024    17          L     13,SAVEAREA+4
00001A 98EC D00C            0000C    18          LM    14,12,12(13)
00001E 07FE                          19          BR    14
000020                               20 SAVEAREA DS    18F
000068                               21 CARD     DS    CL80
0000B8 80000000                      22 VALUE    DC    X'80000000'
                                     23          END   FPDEXEC
0000C0 00000003                                  =F'3'
0000C4 0000002D                                  =F'45'

***   0 STATEMENTS FLAGGED - 0 WARNINGS, 0 ERRORS

*** PROGRAM EXECUTION BEGINNING -
ANY OUTPUT BEFORE EXECUTION COMPLETE MESSAGE IS PRODUCED BY USER PROGRAM ***


*** EXECUTION COMPLETED ***
