C:\Users\Michael\Desktop\Papers\Computer Science\CS 420\Projects\Project 4 (Schedulers)\CPU Schedulers\CPU Schedulers\Debug\cl.command.1.tlog
C:\Users\Michael\Desktop\Papers\Computer Science\CS 420\Projects\Project 4 (Schedulers)\CPU Schedulers\CPU Schedulers\Debug\CL.read.1.tlog
C:\Users\Michael\Desktop\Papers\Computer Science\CS 420\Projects\Project 4 (Schedulers)\CPU Schedulers\CPU Schedulers\Debug\CL.write.1.tlog
C:\USERS\MICHAEL\DESKTOP\PAPERS\COMPUTER SCIENCE\CS 420\PROJECTS\PROJECT 4 (SCHEDULERS)\CPU SCHEDULERS\CPU SCHEDULERS\DEBUG\CPU SCHEDULERS.EXE.INTERMEDIATE.MANIFEST
C:\Users\Michael\Desktop\Papers\Computer Science\CS 420\Projects\Project 4 (Schedulers)\CPU Schedulers\CPU Schedulers\Debug\CPU Schedulers.write.1.tlog
C:\USERS\MICHAEL\DESKTOP\PAPERS\COMPUTER SCIENCE\CS 420\PROJECTS\PROJECT 4 (SCHEDULERS)\CPU SCHEDULERS\CPU SCHEDULERS\DEBUG\DRIVER.OBJ
C:\Users\Michael\Desktop\Papers\Computer Science\CS 420\Projects\Project 4 (Schedulers)\CPU Schedulers\CPU Schedulers\Debug\link.command.1.tlog
C:\Users\Michael\Desktop\Papers\Computer Science\CS 420\Projects\Project 4 (Schedulers)\CPU Schedulers\CPU Schedulers\Debug\link.read.1.tlog
C:\Users\Michael\Desktop\Papers\Computer Science\CS 420\Projects\Project 4 (Schedulers)\CPU Schedulers\CPU Schedulers\Debug\link.write.1.tlog
C:\Users\Michael\Desktop\Papers\Computer Science\CS 420\Projects\Project 4 (Schedulers)\CPU Schedulers\CPU Schedulers\Debug\mt.command.1.tlog
C:\Users\Michael\Desktop\Papers\Computer Science\CS 420\Projects\Project 4 (Schedulers)\CPU Schedulers\CPU Schedulers\Debug\mt.read.1.tlog
C:\Users\Michael\Desktop\Papers\Computer Science\CS 420\Projects\Project 4 (Schedulers)\CPU Schedulers\CPU Schedulers\Debug\mt.write.1.tlog
C:\USERS\MICHAEL\DESKTOP\PAPERS\COMPUTER SCIENCE\CS 420\PROJECTS\PROJECT 4 (SCHEDULERS)\CPU SCHEDULERS\CPU SCHEDULERS\DEBUG\PCB.OBJ
C:\USERS\MICHAEL\DESKTOP\PAPERS\COMPUTER SCIENCE\CS 420\PROJECTS\PROJECT 4 (SCHEDULERS)\CPU SCHEDULERS\CPU SCHEDULERS\DEBUG\PRIORITY.OBJ
C:\USERS\MICHAEL\DESKTOP\PAPERS\COMPUTER SCIENCE\CS 420\PROJECTS\PROJECT 4 (SCHEDULERS)\CPU SCHEDULERS\CPU SCHEDULERS\DEBUG\ROUNDROBIN.OBJ
C:\USERS\MICHAEL\DESKTOP\PAPERS\COMPUTER SCIENCE\CS 420\PROJECTS\PROJECT 4 (SCHEDULERS)\CPU SCHEDULERS\CPU SCHEDULERS\DEBUG\SCHEDULE.OBJ
C:\USERS\MICHAEL\DESKTOP\PAPERS\COMPUTER SCIENCE\CS 420\PROJECTS\PROJECT 4 (SCHEDULERS)\CPU SCHEDULERS\CPU SCHEDULERS\DEBUG\SJF.OBJ
C:\Users\Michael\Desktop\Papers\Computer Science\CS 420\Projects\Project 4 (Schedulers)\CPU Schedulers\CPU Schedulers\Debug\vc100.idb
C:\USERS\MICHAEL\DESKTOP\PAPERS\COMPUTER SCIENCE\CS 420\PROJECTS\PROJECT 4 (SCHEDULERS)\CPU SCHEDULERS\CPU SCHEDULERS\DEBUG\VC100.PDB
C:\USERS\MICHAEL\DESKTOP\PAPERS\COMPUTER SCIENCE\CS 420\PROJECTS\PROJECT 4 (SCHEDULERS)\CPU SCHEDULERS\DEBUG\CPU SCHEDULERS.EXE
C:\USERS\MICHAEL\DESKTOP\PAPERS\COMPUTER SCIENCE\CS 420\PROJECTS\PROJECT 4 (SCHEDULERS)\CPU SCHEDULERS\DEBUG\CPU SCHEDULERS.ILK
C:\USERS\MICHAEL\DESKTOP\PAPERS\COMPUTER SCIENCE\CS 420\PROJECTS\PROJECT 4 (SCHEDULERS)\CPU SCHEDULERS\DEBUG\CPU SCHEDULERS.PDB
